== Tests result: FAILURE ==

1 test failed:
    test_dtrace

Total tests: run=8 failures=2 skipped=3
Total test files: run=1/1 failed=1
Result: FAILURE
