fuzz_sudo_conf: verifying corpus
parse_gids_test: 6 tests run, 0 errors, 100% success rate
strsplit_test: 29 tests run, 0 errors, 100% success rate
getgrouplist_test: 11 tests run, 0 errors, 100% success rate
strtobool_test: 14 tests run, 0 errors, 100% success rate
strtoid_test: 9 tests run, 0 errors, 100% success rate
strtomode_test: 4 tests run, 0 errors, 100% success rate
strtonum_test: 25 tests run, 0 errors, 100% success rate
uuid_test: 16 tests run, 0 errors, 100% success rate
hltq_test: 19 tests run, 0 errors, 100% success rate
sudo_conf: 16 tests run, 0 errors, 100% success rate
sudo_parseln: 12 tests run, 0 errors, 100% success rate
fuzz_iolog_legacy: verifying corpus
fuzz_iolog_json: verifying corpus
fuzz_iolog_timing: verifying corpus
iolog_filter: 3 tests run, 0 errors, 100% success rate
iolog_json: 3 tests run, 0 errors, 100% success rate
iolog_path: 8 tests run, 0 errors, 100% success rate
iolog_timing: 14 tests run, 0 errors, 100% success rate
host_port_test: 16 tests run, 0 errors, 100% success rate
fuzz_sudoers: verifying corpus
fuzz_sudoers-ldif: verifying corpus
fuzz_policy: verifying corpus
check_addr: 9 tests run, 0 errors, 100% success rate
check_base64: 12 tests run, 0 errors, 100% success rate
check_editor: 12 tests run, 0 errors, 100% success rate
check_env_pattern: 22 tests run, 0 errors, 100% success rate
check_exptilde: 6 tests run, 0 errors, 100% success rate
check_fill: 18 tests run, 0 errors, 100% success rate
check_gentime: 17 tests run, 0 errors, 100% success rate
check_hexchar: 515 tests run, 0 errors, 100% success rate
check_iolog_plugin: 8 tests run, 0 errors, 100% success rate
check_serialize_list: 2 tests run, 0 errors, 100% success rate
check_starttime: 3 tests run, 0 errors, 100% success rate
check_unesc: 19 tests run, 0 errors, 100% success rate
check_symbols: 8 tests run, 0 errors, 100% success rate
sudoers: 162 tests run, 0 errors, 100% success rate
testsudoers: 18 tests run, 0 errors, 100% success rate
visudo: 13 tests run, 0 errors, 100% success rate
cvtsudoers: 40 tests run, 0 errors, 100% success rate
Expectation failed at ./regress/testhelpers.c:130:
  actual is <<Traceback:

>>: actual_content
  expected to be <<>>: expected_output
Expectation failed at ./regress/check_python_examples.c:573:
  actual is <<0>>: verify_content(data.stdout_str, expected_path("check_loading_fails_%s.stdout", name))
  not expected to be <<0>>: 0
FAILED: testcase check_loading_fails_plugin_is_not_owned_by_root() at ./regress/check_python_examples.c:1555

The output of the plugin:
Traceback:


The error output of the plugin:
Failed during loading plugin class: 'DistutilsMetaFinder' object has no attribute 'find_module'
check_python_examples: 59 tests run, 1 errors, 98% success rate
gmake[1]: *** [Makefile:229: check] Error 1
gmake: *** [Makefile:113: check] Error 2
