387 tests OK.

6 tests failed:
    test_asyncio test_concurrent_futures test_imaplib test_pkgutil
    test_site test_socket

23 tests skipped:
    test_dbm_gnu test_gdb test_idle test_kqueue test_msilib
    test_ossaudiodev test_smtpnet test_socketserver test_startfile
    test_tcl test_timeout test_tix test_tk test_ttk_guionly
    test_ttk_textonly test_turtle test_urllib2net test_urllibnet
    test_winconsoleio test_winreg test_winsound test_xmlrpc_net
    test_zipfile64

Total duration: 24 min 7 sec
Tests result: FAILURE
gmake: *** [Makefile:1097: test] Error 2
