building dbm using ndbm

Python build finished, but the necessary bits to build these modules were not found:
_bsddb             _tkinter           bsddb185        
dl                 gdbm               imageop         
linuxaudiodev                                         
To find the necessary bits, look in setup.py in detect_modules() for the module's name.

== CPython 2.7.14 (default, Sep 23 2017, 16:34:57) [GCC 5.4.0]
==   Solaris-2.11-i86pc-i386-64bit-ELF little-endian
==   /data/omnios-build/omniosorg/bloody/_build/Python-2.7.14/build/test_python_5316
== CPU count: 8
Run tests sequentially
  test_grammar
  test_opcodes
  test_dict
  test_builtin
  test_exceptions
  test_types
  test_unittest
  test_doctest
  test_doctest2
  test_MimeWriter
  test_SimpleHTTPServer
  test_StringIO
  test___all__
  test___future__
  test__locale
  test__osx_support
  test_abc
  test_abstract_numbers
  test_aepack
test_aepack skipped -- No module named aetypes
  test_aifc -- test_aepack skipped
  test_al
test_al skipped -- No module named al
  test_anydbm -- test_al skipped
  test_applesingle
test_applesingle skipped -- No module named MacOS
  test_argparse -- test_applesingle skipped
  test_array
  test_ascii_formatd
  test_ast
  test_asynchat
  self.__exc_clear()
  test_asyncore
  self.__exc_clear()
  test_atexit
  test_audioop
  test_augassign
  test_base64
  test_bastion
  test_bigaddrspace
  test_bigmem
  test_binascii
  test_binhex
  test_binop
  test_bisect
  test_bool
  test_bsddb
test_bsddb skipped -- No module named _bsddb
  test_bsddb185 -- test_bsddb skipped
test_bsddb185 skipped -- No module named bsddb185
  test_bsddb3 -- test_bsddb185 skipped
test_bsddb3 skipped -- No module named _bsddb
  test_buffer -- test_bsddb3 skipped
  test_bufio
  test_bytes
  test_bz2
  self.__exc_clear()
  test_calendar
  test_call
  test_capi
  self.__exc_clear()
  test_cd
test_cd skipped -- No module named cd
  test_cfgparser -- test_cd skipped
  test_cgi
  test_charmapcodec
  test_cl
test_cl skipped -- No module named cl
  test_class -- test_cl skipped
  test_cmath
  test_cmd
  test_cmd_line
  test_cmd_line_script
  test_code
  test_codeccallbacks
  test_codecencodings_cn
  test_codecencodings_hk
  test_codecencodings_iso2022
  test_codecencodings_jp
  test_codecencodings_kr
  test_codecencodings_tw
  test_codecmaps_cn
test_codecmaps_cn skipped -- Use of the `urlfetch' resource not enabled
  test_codecmaps_hk -- test_codecmaps_cn skipped (resource denied)
test_codecmaps_hk skipped -- Use of the `urlfetch' resource not enabled
  test_codecmaps_jp -- test_codecmaps_hk skipped (resource denied)
test_codecmaps_jp skipped -- Use of the `urlfetch' resource not enabled
  test_codecmaps_kr -- test_codecmaps_jp skipped (resource denied)
test_codecmaps_kr skipped -- Use of the `urlfetch' resource not enabled
  test_codecmaps_tw -- test_codecmaps_kr skipped (resource denied)
test_codecmaps_tw skipped -- Use of the `urlfetch' resource not enabled
  test_codecs -- test_codecmaps_tw skipped (resource denied)
  test_codeop
  test_coercion
  test_collections
  test_colorsys
  test_commands
  test_compare
  test_compile
  test_compileall
  test_compiler
  test_complex
  test_complex_args
  test_contains
  test_contextlib
  test_cookie
  test_cookielib
  test_copy
  test_copy_reg
  test_cpickle
  test_cprofile
  test_crypt
  test_csv
  test_ctypes
  self.__exc_clear()
  test_curses
test_curses skipped -- Use of the `curses' resource not enabled
  test_datetime -- test_curses skipped (resource denied)
  test_dbm
  test_decimal
  self.__exc_clear()
  test_decorators
  test_defaultdict
  test_deque
  test_descr
  test_descrtut
  test_dictcomps
  test_dictviews
  test_difflib
  test_dircache
  test_dis
  test_distutils
/data/omnios-build/omniosorg/bloody/_build/Python-2.7.14/Lib/distutils/command/build_ext.py:686: DeprecationWarning: apply() not supported in 3.x; use func(*args, **kwargs)
  path = apply(os.path.join, ext_path)
test test_distutils failed -- multiple errors occurred; run in verbose mode for details
  test_dl -- test_distutils failed
test_dl skipped -- No module named dl
  test_docxmlrpc -- test_dl skipped
  self.__exc_clear()
  test_dumbdbm
  test_dummy_thread
  test_dummy_threading
  self.__exc_clear()
  test_email
  self.__exc_clear()
  test_email_codecs
  test_email_renamed
  test_ensurepip
  test_enumerate
  test_eof
  test_epoll
  test_errno
  test_exception_variations
  test_extcall
  test_fcntl
  test_file
  test_file2k
  self.__exc_clear()
  test_file_eintr
  test_filecmp
  test_fileinput
  test_fileio
  test_float
  test_fnmatch
  test_fork1
  self.__exc_clear()
  test_format
  test_fpformat
  test_fractions
  test_frozen
  test_ftplib
  self.__exc_clear()
  test_funcattrs
  test_functools
  test_future
  test_future3
  test_future4
  test_future5
  test_future_builtins
  test_gc
  self.__exc_clear()
  test_gdb
test_gdb skipped -- Couldn't find gdb on the path
  test_gdbm -- test_gdb skipped
test_gdbm skipped -- No module named gdbm
  test_generators -- test_gdbm skipped
  test_genericpath
  test_genexps
  test_getargs
  test_getargs2
  test_getopt
  test_gettext
  test_gl
test_gl skipped -- No module named gl
  test_glob -- test_gl skipped
  test_global
  test_grp
  test_gzip
  test_hash
  test_hashlib
  self.__exc_clear()
  test_heapq
  test_hmac
  test_hotshot
  test_htmllib
  test_htmlparser
  test_httplib
  self.__exc_clear()
  test_httpservers
  self.__exc_clear()
  test_idle
test_idle skipped -- No module named _tkinter
  test_imageop -- test_idle skipped
test_imageop skipped -- No module named imageop
  test_imaplib -- test_imageop skipped
  test_imgfile
test_imgfile skipped -- No module named imgfile
  test_imghdr -- test_imgfile skipped
  test_imp
  test_import
  test_import_magic
  test_importhooks
  test_importlib
  test_index
  test_inspect
  test_int
  test_int_literal
  test_io
  self.__exc_clear()
  test_ioctl -- test_io
  test_isinstance
  test_iter
  test_iterlen
  test_itertools
  test_json
/data/omnios-build/omniosorg/bloody/_build/Python-2.7.14/Lib/json/tests/test_speedups.py:6: DeprecationWarning: classic int division
  1/0
  test_kqueue
test_kqueue skipped -- test works only on BSD
  test_largefile -- test_kqueue skipped
  test_lib2to3
  test_linecache
  test_linuxaudiodev
test_linuxaudiodev skipped -- Use of the `audio' resource not enabled
  test_list -- test_linuxaudiodev skipped (resource denied)
  test_locale
  test_logging
  self.__exc_clear()
  test_long
  test_long_future
  test_longexp
  test_macos
test_macos skipped -- No module named MacOS
  test_macostools -- test_macos skipped
test_macostools skipped -- No module named MacOS
  test_macpath -- test_macostools skipped
  test_macurl2path
  test_mailbox
  test_marshal
  test_math
  test_md5
  test_memoryio
  test_memoryview
  test_mhlib
  test_mimetools
  test_mimetypes
  test_minidom
  test_mmap
  test_module
  test_modulefinder
  test_msilib
test_msilib skipped -- No module named _msi
  test_multibytecodec -- test_msilib skipped
  test_multifile
  test_multiprocessing
  self.__exc_clear()
  self.__exc_clear()
  test_mutants -- test_multiprocessing
  test_mutex
  test_netrc
  test_new
  test_nis
  test_nntplib
  self.__exc_clear()
  test_normalization
  test_ntpath
  test_old_mailbox
  test_openpty
  test_operator
  test_optparse
  test_ordered_dict
  test_os
  test_ossaudiodev
test_ossaudiodev skipped -- Use of the `audio' resource not enabled
  test_parser -- test_ossaudiodev skipped (resource denied)
  test_pdb
  test_peepholer
  test_pep247
  test_pep277
test_pep277 skipped -- only NT+ and systems with Unicode-friendly filesystem encoding
  test_pep352 -- test_pep277 skipped
  test_pickle
  test_pickletools
  test_pipes
  test_pkg
  test_pkgimport
  test_pkgutil
  test_platform
  test_plistlib
  test_poll
  self.__exc_clear()
  test_popen
  test_popen2
  test_poplib
  self.__exc_clear()
  test_posix
  test_posixpath
  test_pow
  test_pprint
  test_print
  test_profile
  test_property
  test_pstats
  test_pty
  test_pwd
  test_py3kwarn
  test_py_compile
  test_pyclbr
  test_pydoc
  test_pyexpat
  test_queue
  self.__exc_clear()
  test_quopri
  test_random
  test_re
  test_readline
  test_regrtest
  test_repr
  test_resource
  test_rfc822
  test_richcmp
  test_rlcompleter
  test_robotparser
  self.__exc_clear()
  test_runpy
  test_sax
  test_scope
  test_scriptpackages
test_scriptpackages skipped -- No module named aetools
  test_select -- test_scriptpackages skipped
  test_set
  test_setcomps
  test_sets
  test_sgmllib
  test_sha
  test_shelve
  test_shlex
  test_shutil
  test_signal
  test_site
  test_slice
  test_smtplib
  self.__exc_clear()
  test_smtpnet
test_smtpnet skipped -- Use of the `network' resource not enabled
  test_socket -- test_smtpnet skipped (resource denied)
  test_socketserver
test_socketserver skipped -- Use of the `network' resource not enabled
  test_softspace -- test_socketserver skipped (resource denied)
  test_sort
  test_source_encoding
  test_spwd
  test_sqlite
  self.__exc_clear()
  test_ssl
  self.__exc_clear()
  test_startfile
test_startfile skipped -- module 'os' has no attribute 'startfile'
  test_stat -- test_startfile skipped
  test_str
  test_strftime
  test_string
  test_stringprep
  test_strop
  test_strptime
  test_strtod
  test_struct
  test_structmembers
  test_structseq
  test_subprocess
  self.__exc_clear()
  test_sunau -- test_subprocess
  test_sunaudiodev
test_sunaudiodev skipped -- no audio device found!
  test_sundry -- test_sunaudiodev skipped
  test_symtable
  test_syntax
  test_sys
  self.__exc_clear()
  test_sys_setprofile
  test_sys_settrace
  test_sysconfig
  test_tarfile
  test_tcl
test_tcl skipped -- No module named _tkinter
  test_telnetlib -- test_tcl skipped
  self.__exc_clear()
  test_tempfile
  test_test_support
  test_textwrap
  test_thread
  test_threaded_import
  self.__exc_clear()
  test_threadedtempfile
  self.__exc_clear()
  test_threading
  self.__exc_clear()
  test_threading_local
  self.__exc_clear()
  test_threadsignals
  test_time
  test_timeit
  test_timeout
test_timeout skipped -- Use of the `network' resource not enabled
  test_tk -- test_timeout skipped (resource denied)
test_tk skipped -- No module named _tkinter
  test_tokenize -- test_tk skipped
  test_tools
recursedown('@test_5316_tmp')
  test_trace
  test_traceback
  test_transformer
  test_ttk_guionly
test_ttk_guionly skipped -- No module named _tkinter
  test_ttk_textonly -- test_ttk_guionly skipped
test_ttk_textonly skipped -- No module named _tkinter
  test_tuple -- test_ttk_textonly skipped
  test_turtle
test_turtle skipped -- No module named _tkinter
  test_typechecks -- test_turtle skipped
  test_ucn
  test_unary
  test_undocumented_details
  test_unicode
  test_unicode_file
test_unicode_file skipped -- No Unicode filesystem semantics on this platform.
  test_unicodedata -- test_unicode_file skipped
  test_univnewlines
  test_univnewlines2k
  test_unpack
  test_urllib
  test_urllib2
  test_urllib2_localnet
  self.__exc_clear()
  test_urllib2net
test_urllib2net skipped -- Use of the `network' resource not enabled
  test_urllibnet -- test_urllib2net skipped (resource denied)
test_urllibnet skipped -- Use of the `network' resource not enabled
  test_urlparse -- test_urllibnet skipped (resource denied)
  test_userdict
  test_userlist
  test_userstring
  test_uu
  test_uuid
  test_wait3
  test_wait4
  test_warnings
  test_wave
  test_weakref
  self.__exc_clear()
  test_weakset
  test_whichdb
  test_winreg
test_winreg skipped -- No module named _winreg
  test_winsound -- test_winreg skipped
test_winsound skipped -- Use of the `audio' resource not enabled
  test_with -- test_winsound skipped (resource denied)
  test_wsgiref
  test_xdrlib
  test_xml_etree
  test_xml_etree_c
  test_xmllib
  test_xmlrpc
  self.__exc_clear()
  test_xpickle
  test_xrange
  test_zipfile
  test_zipfile64
test_zipfile64 skipped -- test requires loads of disk-space bytes and a long time to run
  test_zipimport -- test_zipfile64 skipped (resource denied)
  test_zipimport_support
  test_zlib
357 tests OK.
1 test failed:
    test_distutils
45 tests skipped:
    test_aepack test_al test_applesingle test_bsddb test_bsddb185
    test_bsddb3 test_cd test_cl test_codecmaps_cn test_codecmaps_hk
    test_codecmaps_jp test_codecmaps_kr test_codecmaps_tw test_curses
    test_dl test_gdb test_gdbm test_gl test_idle test_imageop
    test_imgfile test_kqueue test_linuxaudiodev test_macos
    test_macostools test_msilib test_ossaudiodev test_pep277
    test_scriptpackages test_smtpnet test_socketserver test_startfile
    test_sunaudiodev test_tcl test_timeout test_tk test_ttk_guionly
    test_ttk_textonly test_turtle test_unicode_file test_urllib2net
    test_urllibnet test_winreg test_winsound test_zipfile64
10 skips unexpected on sunos5:
    test_bsddb3 test_dl test_gdb test_idle test_sunaudiodev test_tcl
    test_tk test_ttk_guionly test_ttk_textonly test_turtle

Total duration: 7 min 52 sec
Tests result: FAILURE
== CPython 2.7.14 (default, Sep 23 2017, 16:34:57) [GCC 5.4.0]
==   Solaris-2.11-i86pc-i386-64bit-ELF little-endian
==   /data/omnios-build/omniosorg/bloody/_build/Python-2.7.14/build/test_python_8241
== CPU count: 8
Run tests sequentially
  test_grammar
  test_opcodes
  test_dict
  test_builtin
  test_exceptions
  test_types
  test_unittest
  test_doctest
  test_doctest2
  test_MimeWriter
  test_SimpleHTTPServer
  test_StringIO
  test___all__
  test___future__
  test__locale
  test__osx_support
  test_abc
  test_abstract_numbers
  test_aepack
test_aepack skipped -- No module named aetypes
  test_aifc -- test_aepack skipped
  test_al
test_al skipped -- No module named al
  test_anydbm -- test_al skipped
  test_applesingle
test_applesingle skipped -- No module named MacOS
  test_argparse -- test_applesingle skipped
  test_array
  test_ascii_formatd
  test_ast
  test_asynchat
  self.__exc_clear()
  test_asyncore
  self.__exc_clear()
  test_atexit
  test_audioop
  test_augassign
  test_base64
  test_bastion
  test_bigaddrspace
  test_bigmem
  test_binascii
  test_binhex
  test_binop
  test_bisect
  test_bool
  test_bsddb
test_bsddb skipped -- No module named _bsddb
  test_bsddb185 -- test_bsddb skipped
test_bsddb185 skipped -- No module named bsddb185
  test_bsddb3 -- test_bsddb185 skipped
test_bsddb3 skipped -- No module named _bsddb
  test_buffer -- test_bsddb3 skipped
  test_bufio
  test_bytes
  test_bz2
  self.__exc_clear()
  test_calendar
  test_call
  test_capi
  self.__exc_clear()
  test_cd
test_cd skipped -- No module named cd
  test_cfgparser -- test_cd skipped
  test_cgi
  test_charmapcodec
  test_cl
test_cl skipped -- No module named cl
  test_class -- test_cl skipped
  test_cmath
  test_cmd
  test_cmd_line
  test_cmd_line_script
  test_code
  test_codeccallbacks
  test_codecencodings_cn
  test_codecencodings_hk
  test_codecencodings_iso2022
  test_codecencodings_jp
  test_codecencodings_kr
  test_codecencodings_tw
  test_codecmaps_cn
test_codecmaps_cn skipped -- Use of the `urlfetch' resource not enabled
  test_codecmaps_hk -- test_codecmaps_cn skipped (resource denied)
test_codecmaps_hk skipped -- Use of the `urlfetch' resource not enabled
  test_codecmaps_jp -- test_codecmaps_hk skipped (resource denied)
test_codecmaps_jp skipped -- Use of the `urlfetch' resource not enabled
  test_codecmaps_kr -- test_codecmaps_jp skipped (resource denied)
test_codecmaps_kr skipped -- Use of the `urlfetch' resource not enabled
  test_codecmaps_tw -- test_codecmaps_kr skipped (resource denied)
test_codecmaps_tw skipped -- Use of the `urlfetch' resource not enabled
  test_codecs -- test_codecmaps_tw skipped (resource denied)
  test_codeop
  test_coercion
  test_collections
  test_colorsys
  test_commands
  test_compare
  test_compile
  test_compileall
  test_compiler
  test_complex
  test_complex_args
  test_contains
  test_contextlib
  test_cookie
  test_cookielib
  test_copy
  test_copy_reg
  test_cpickle
  test_cprofile
  test_crypt
  test_csv
  test_ctypes
  self.__exc_clear()
  test_curses
test_curses skipped -- Use of the `curses' resource not enabled
  test_datetime -- test_curses skipped (resource denied)
  test_dbm
  test_decimal
  self.__exc_clear()
  test_decorators
  test_defaultdict
  test_deque
  test_descr
  test_descrtut
  test_dictcomps
  test_dictviews
  test_difflib
  test_dircache
  test_dis
  test_distutils
/data/omnios-build/omniosorg/bloody/_build/Python-2.7.14/Lib/distutils/command/build_ext.py:686: DeprecationWarning: apply() not supported in 3.x; use func(*args, **kwargs)
  path = apply(os.path.join, ext_path)
test test_distutils failed -- multiple errors occurred; run in verbose mode for details
  test_dl -- test_distutils failed
test_dl skipped -- No module named dl
  test_docxmlrpc -- test_dl skipped
  self.__exc_clear()
  test_dumbdbm
  test_dummy_thread
  test_dummy_threading
  self.__exc_clear()
  test_email
  self.__exc_clear()
  test_email_codecs
  test_email_renamed
  test_ensurepip
  test_enumerate
  test_eof
  test_epoll
  test_errno
  test_exception_variations
  test_extcall
  test_fcntl
  test_file
  test_file2k
  self.__exc_clear()
  test_file_eintr
  test_filecmp
  test_fileinput
  test_fileio
  test_float
  test_fnmatch
  test_fork1
  self.__exc_clear()
  test_format
  test_fpformat
  test_fractions
  test_frozen
  test_ftplib
  self.__exc_clear()
  test_funcattrs
  test_functools
  test_future
  test_future3
  test_future4
  test_future5
  test_future_builtins
  test_gc
  self.__exc_clear()
  test_gdb
test_gdb skipped -- Couldn't find gdb on the path
  test_gdbm -- test_gdb skipped
test_gdbm skipped -- No module named gdbm
  test_generators -- test_gdbm skipped
  test_genericpath
  test_genexps
  test_getargs
  test_getargs2
  test_getopt
  test_gettext
  test_gl
test_gl skipped -- No module named gl
  test_glob -- test_gl skipped
  test_global
  test_grp
  test_gzip
  test_hash
  test_hashlib
  self.__exc_clear()
  test_heapq
  test_hmac
  test_hotshot
  test_htmllib
  test_htmlparser
  test_httplib
  self.__exc_clear()
  test_httpservers
  self.__exc_clear()
  test_idle
test_idle skipped -- No module named _tkinter
  test_imageop -- test_idle skipped
test_imageop skipped -- No module named imageop
  test_imaplib -- test_imageop skipped
  test_imgfile
test_imgfile skipped -- No module named imgfile
  test_imghdr -- test_imgfile skipped
  test_imp
  test_import
  test_import_magic
  test_importhooks
  test_importlib
  test_index
  test_inspect
  test_int
  test_int_literal
  test_io
  self.__exc_clear()
  test_ioctl -- test_io
  test_isinstance
  test_iter
  test_iterlen
  test_itertools
  test_json
/data/omnios-build/omniosorg/bloody/_build/Python-2.7.14/Lib/json/tests/test_speedups.py:6: DeprecationWarning: classic int division
  1/0
  test_kqueue
test_kqueue skipped -- test works only on BSD
  test_largefile -- test_kqueue skipped
  test_lib2to3
  test_linecache
  test_linuxaudiodev
test_linuxaudiodev skipped -- Use of the `audio' resource not enabled
  test_list -- test_linuxaudiodev skipped (resource denied)
  test_locale
  test_logging
  self.__exc_clear()
  test_long
  test_long_future
  test_longexp
  test_macos
test_macos skipped -- No module named MacOS
  test_macostools -- test_macos skipped
test_macostools skipped -- No module named MacOS
  test_macpath -- test_macostools skipped
  test_macurl2path
  test_mailbox
  test_marshal
  test_math
  test_md5
  test_memoryio
  test_memoryview
  test_mhlib
  test_mimetools
  test_mimetypes
  test_minidom
  test_mmap
  test_module
  test_modulefinder
  test_msilib
test_msilib skipped -- No module named _msi
  test_multibytecodec -- test_msilib skipped
  test_multifile
  test_multiprocessing
  self.__exc_clear()
  self.__exc_clear()
  test_mutants
  test_mutex
  test_netrc
  test_new
  test_nis
  test_nntplib
  self.__exc_clear()
  test_normalization
  test_ntpath
  test_old_mailbox
  test_openpty
  test_operator
  test_optparse
  test_ordered_dict
  test_os
  test_ossaudiodev
test_ossaudiodev skipped -- Use of the `audio' resource not enabled
  test_parser -- test_ossaudiodev skipped (resource denied)
  test_pdb
  test_peepholer
  test_pep247
  test_pep277
test_pep277 skipped -- only NT+ and systems with Unicode-friendly filesystem encoding
  test_pep352 -- test_pep277 skipped
  test_pickle
  test_pickletools
  test_pipes
  test_pkg
  test_pkgimport
  test_pkgutil
  test_platform
  test_plistlib
  test_poll
  self.__exc_clear()
  test_popen
  test_popen2
  test_poplib
  self.__exc_clear()
  test_posix
  test_posixpath
  test_pow
  test_pprint
  test_print
  test_profile
  test_property
  test_pstats
  test_pty
  test_pwd
  test_py3kwarn
  test_py_compile
  test_pyclbr
  test_pydoc
  test_pyexpat
  test_queue
  self.__exc_clear()
  test_quopri
  test_random
  test_re
  test_readline
  test_regrtest
  test_repr
  test_resource
  test_rfc822
  test_richcmp
  test_rlcompleter
  test_robotparser
  self.__exc_clear()
  test_runpy
  test_sax
  test_scope
  test_scriptpackages
test_scriptpackages skipped -- No module named aetools
  test_select -- test_scriptpackages skipped
  test_set
  test_setcomps
  test_sets
  test_sgmllib
  test_sha
  test_shelve
  test_shlex
  test_shutil
  test_signal
  test_site
  test_slice
  test_smtplib
  self.__exc_clear()
  test_smtpnet
test_smtpnet skipped -- Use of the `network' resource not enabled
  test_socket -- test_smtpnet skipped (resource denied)
  test_socketserver
test_socketserver skipped -- Use of the `network' resource not enabled
  test_softspace -- test_socketserver skipped (resource denied)
  test_sort
  test_source_encoding
  test_spwd
  test_sqlite
  self.__exc_clear()
  test_ssl
  self.__exc_clear()
  test_startfile
test_startfile skipped -- module 'os' has no attribute 'startfile'
  test_stat -- test_startfile skipped
  test_str
  test_strftime
  test_string
  test_stringprep
  test_strop
  test_strptime
  test_strtod
  test_struct
  test_structmembers
  test_structseq
  test_subprocess
  self.__exc_clear()
  test_sunau -- test_subprocess
  test_sunaudiodev
test_sunaudiodev skipped -- no audio device found!
  test_sundry -- test_sunaudiodev skipped
  test_symtable
  test_syntax
  test_sys
  self.__exc_clear()
  test_sys_setprofile
  test_sys_settrace
  test_sysconfig
  test_tarfile
  test_tcl
test_tcl skipped -- No module named _tkinter
  test_telnetlib -- test_tcl skipped
  self.__exc_clear()
  test_tempfile
  test_test_support
  test_textwrap
  test_thread
  test_threaded_import
  self.__exc_clear()
  test_threadedtempfile
  self.__exc_clear()
  test_threading
  self.__exc_clear()
  test_threading_local
  self.__exc_clear()
  test_threadsignals
  test_time
  test_timeit
  test_timeout
test_timeout skipped -- Use of the `network' resource not enabled
  test_tk -- test_timeout skipped (resource denied)
test_tk skipped -- No module named _tkinter
  test_tokenize -- test_tk skipped
  test_tools
recursedown('@test_8241_tmp')
  test_trace
  test_traceback
  test_transformer
  test_ttk_guionly
test_ttk_guionly skipped -- No module named _tkinter
  test_ttk_textonly -- test_ttk_guionly skipped
test_ttk_textonly skipped -- No module named _tkinter
  test_tuple -- test_ttk_textonly skipped
  test_turtle
test_turtle skipped -- No module named _tkinter
  test_typechecks -- test_turtle skipped
  test_ucn
  test_unary
  test_undocumented_details
  test_unicode
  test_unicode_file
test_unicode_file skipped -- No Unicode filesystem semantics on this platform.
  test_unicodedata -- test_unicode_file skipped
  test_univnewlines
  test_univnewlines2k
  test_unpack
  test_urllib
  test_urllib2
  test_urllib2_localnet
  self.__exc_clear()
  test_urllib2net
test_urllib2net skipped -- Use of the `network' resource not enabled
  test_urllibnet -- test_urllib2net skipped (resource denied)
test_urllibnet skipped -- Use of the `network' resource not enabled
  test_urlparse -- test_urllibnet skipped (resource denied)
  test_userdict
  test_userlist
  test_userstring
  test_uu
  test_uuid
  test_wait3
  test_wait4
  test_warnings
  test_wave
  test_weakref
  self.__exc_clear()
  test_weakset
  test_whichdb
  test_winreg
test_winreg skipped -- No module named _winreg
  test_winsound -- test_winreg skipped
test_winsound skipped -- Use of the `audio' resource not enabled
  test_with -- test_winsound skipped (resource denied)
  test_wsgiref
  test_xdrlib
  test_xml_etree
  test_xml_etree_c
  test_xmllib
  test_xmlrpc
  self.__exc_clear()
  test_xpickle
  test_xrange
  test_zipfile
  test_zipfile64
test_zipfile64 skipped -- test requires loads of disk-space bytes and a long time to run
  test_zipimport -- test_zipfile64 skipped (resource denied)
  test_zipimport_support
  test_zlib
357 tests OK.
1 test failed:
    test_distutils
45 tests skipped:
    test_aepack test_al test_applesingle test_bsddb test_bsddb185
    test_bsddb3 test_cd test_cl test_codecmaps_cn test_codecmaps_hk
    test_codecmaps_jp test_codecmaps_kr test_codecmaps_tw test_curses
    test_dl test_gdb test_gdbm test_gl test_idle test_imageop
    test_imgfile test_kqueue test_linuxaudiodev test_macos
    test_macostools test_msilib test_ossaudiodev test_pep277
    test_scriptpackages test_smtpnet test_socketserver test_startfile
    test_sunaudiodev test_tcl test_timeout test_tk test_ttk_guionly
    test_ttk_textonly test_turtle test_unicode_file test_urllib2net
    test_urllibnet test_winreg test_winsound test_zipfile64
10 skips unexpected on sunos5:
    test_bsddb3 test_dl test_gdb test_idle test_sunaudiodev test_tcl
    test_tk test_ttk_guionly test_ttk_textonly test_turtle

Total duration: 7 min 47 sec
Tests result: FAILURE
gmake: *** [Makefile:891: test] Error 2
